
state 0
	$accept: .file $end 
	opt_package: .    (3)

	PACKAGE  shift 4
	.  reduce 3 (src line 97)

	file  goto 1
	program  goto 2
	opt_package  goto 3

state 1
	$accept:  file.$end 

	$end  accept
	.  error


state 2
	file:  program.    (1)

	.  reduce 1 (src line 81)


state 3
	program:  opt_package.opt_newlines decl_list opt_newlines 
	opt_newlines: .    (5)

	.  reduce 5 (src line 107)

	opt_newlines  goto 5

state 4
	opt_package:  PACKAGE.IDENT 

	IDENT  shift 6
	.  error


5: shift/reduce conflict (shift 8(0), red'n 7(0)) on NEWLINE
state 5
	program:  opt_package opt_newlines.decl_list opt_newlines 
	opt_newlines:  opt_newlines.NEWLINE 
	decl_list: .    (7)

	NEWLINE  shift 8
	.  reduce 7 (src line 112)

	decl_list  goto 7

state 6
	opt_package:  PACKAGE IDENT.    (4)

	.  reduce 4 (src line 99)


state 7
	program:  opt_package opt_newlines decl_list.opt_newlines 
	decl_list:  decl_list.opt_newlines decl 
	opt_newlines: .    (5)

	.  reduce 5 (src line 107)

	opt_newlines  goto 9

state 8
	opt_newlines:  opt_newlines NEWLINE.    (6)

	.  reduce 6 (src line 109)


state 9
	program:  opt_package opt_newlines decl_list opt_newlines.    (2)
	opt_newlines:  opt_newlines.NEWLINE 
	decl_list:  decl_list opt_newlines.decl 

	IMPORT  shift 19
	ENUM  shift 20
	STRUCT  shift 21
	INTERFACE  shift 22
	IMPL  shift 23
	FUNC  shift 24
	LET  shift 25
	VAR  shift 26
	NEWLINE  shift 8
	.  reduce 2 (src line 93)

	decl  goto 10
	import_decl  goto 11
	enum_decl  goto 12
	struct_decl  goto 13
	interface_decl  goto 14
	impl_decl  goto 15
	func_decl  goto 16
	let_decl  goto 17
	var_decl  goto 18

state 10
	decl_list:  decl_list opt_newlines decl.    (8)

	.  reduce 8 (src line 114)


state 11
	decl:  import_decl.    (9)

	.  reduce 9 (src line 117)


state 12
	decl:  enum_decl.    (10)

	.  reduce 10 (src line 119)


state 13
	decl:  struct_decl.    (11)

	.  reduce 11 (src line 120)


state 14
	decl:  interface_decl.    (12)

	.  reduce 12 (src line 121)


state 15
	decl:  impl_decl.    (13)

	.  reduce 13 (src line 122)


state 16
	decl:  func_decl.    (14)

	.  reduce 14 (src line 123)


state 17
	decl:  let_decl.    (15)

	.  reduce 15 (src line 124)


state 18
	decl:  var_decl.    (16)

	.  reduce 16 (src line 125)


state 19
	import_decl:  IMPORT.IDENT STRING 
	import_decl:  IMPORT.STRING 

	IDENT  shift 27
	STRING  shift 28
	.  error


state 20
	enum_decl:  ENUM.qualified_name $$19 opt_type_params $$20 enum_body opt_newlines END 

	IDENT  shift 30
	.  error

	qualified_name  goto 29

state 21
	struct_decl:  STRUCT.qualified_name $$29 opt_type_params $$30 opt_newlines struct_body opt_newlines END 

	IDENT  shift 30
	.  error

	qualified_name  goto 31

state 22
	interface_decl:  INTERFACE.qualified_name $$39 opt_type_params $$40 func_sig_list opt_newlines END 

	IDENT  shift 30
	.  error

	qualified_name  goto 32

state 23
	impl_decl:  IMPL.$$46 opt_impl_type_params type $$47 COLON type $$48 impl_body opt_newlines END 
	$$46: .    (46)

	.  reduce 46 (src line 358)

	$$46  goto 33

state 24
	func_decl:  FUNC.IDENT $$57 opt_type_params LPAREN maybe_param_list RPAREN ARROW type opt_using_clause opt_newlines block_expr opt_newlines END 

	IDENT  shift 34
	.  error


state 25
	let_decl:  LET.IDENT opt_type_annot '=' expr 

	IDENT  shift 35
	.  error


state 26
	var_decl:  VAR.IDENT opt_type_annot '=' expr 

	IDENT  shift 36
	.  error


state 27
	import_decl:  IMPORT IDENT.STRING 

	STRING  shift 37
	.  error


state 28
	import_decl:  IMPORT STRING.    (18)

	.  reduce 18 (src line 138)


state 29
	enum_decl:  ENUM qualified_name.$$19 opt_type_params $$20 enum_body opt_newlines END 
	qualified_name:  qualified_name.DOT IDENT 
	$$19: .    (19)

	DOT  shift 39
	.  reduce 19 (src line 148)

	$$19  goto 38

state 30
	qualified_name:  IDENT.    (90)

	.  reduce 90 (src line 636)


state 31
	struct_decl:  STRUCT qualified_name.$$29 opt_type_params $$30 opt_newlines struct_body opt_newlines END 
	qualified_name:  qualified_name.DOT IDENT 
	$$29: .    (29)

	DOT  shift 39
	.  reduce 29 (src line 226)

	$$29  goto 40

state 32
	interface_decl:  INTERFACE qualified_name.$$39 opt_type_params $$40 func_sig_list opt_newlines END 
	qualified_name:  qualified_name.DOT IDENT 
	$$39: .    (39)

	DOT  shift 39
	.  reduce 39 (src line 304)

	$$39  goto 41

state 33
	impl_decl:  IMPL $$46.opt_impl_type_params type $$47 COLON type $$48 impl_body opt_newlines END 
	opt_impl_type_params: .    (50)

	LBRACK  shift 43
	TYPELBRACK  shift 44
	.  reduce 50 (src line 402)

	opt_impl_type_params  goto 42

state 34
	func_decl:  FUNC IDENT.$$57 opt_type_params LPAREN maybe_param_list RPAREN ARROW type opt_using_clause opt_newlines block_expr opt_newlines END 
	$$57: .    (57)

	.  reduce 57 (src line 429)

	$$57  goto 45

state 35
	let_decl:  LET IDENT.opt_type_annot '=' expr 
	opt_type_annot: .    (61)

	COLON  shift 47
	.  reduce 61 (src line 488)

	opt_type_annot  goto 46

state 36
	var_decl:  VAR IDENT.opt_type_annot '=' expr 
	opt_type_annot: .    (61)

	COLON  shift 47
	.  reduce 61 (src line 488)

	opt_type_annot  goto 48

state 37
	import_decl:  IMPORT IDENT STRING.    (17)

	.  reduce 17 (src line 128)


state 38
	enum_decl:  ENUM qualified_name $$19.opt_type_params $$20 enum_body opt_newlines END 
	opt_type_params: .    (73)

	LBRACK  shift 50
	TYPELBRACK  shift 51
	.  reduce 73 (src line 543)

	opt_type_params  goto 49

state 39
	qualified_name:  qualified_name DOT.IDENT 

	IDENT  shift 52
	.  error


state 40
	struct_decl:  STRUCT qualified_name $$29.opt_type_params $$30 opt_newlines struct_body opt_newlines END 
	opt_type_params: .    (73)

	LBRACK  shift 50
	TYPELBRACK  shift 51
	.  reduce 73 (src line 543)

	opt_type_params  goto 53

state 41
	interface_decl:  INTERFACE qualified_name $$39.opt_type_params $$40 func_sig_list opt_newlines END 
	opt_type_params: .    (73)

	LBRACK  shift 50
	TYPELBRACK  shift 51
	.  reduce 73 (src line 543)

	opt_type_params  goto 54

state 42
	impl_decl:  IMPL $$46 opt_impl_type_params.type $$47 COLON type $$48 impl_body opt_newlines END 

	IDENT  shift 30
	FUNC  shift 59
	LPAREN  shift 60
	.  error

	qualified_name  goto 61
	type  goto 55
	func_type  goto 56
	grouped_type  goto 57
	named_type  goto 58

state 43
	opt_impl_type_params:  LBRACK.$$51 maybe_name_list RBRACK 
	$$51: .    (51)

	.  reduce 51 (src line 404)

	$$51  goto 62

state 44
	opt_impl_type_params:  TYPELBRACK.$$53 maybe_name_list RBRACK 
	$$53: .    (53)

	.  reduce 53 (src line 413)

	$$53  goto 63

state 45
	func_decl:  FUNC IDENT $$57.opt_type_params LPAREN maybe_param_list RPAREN ARROW type opt_using_clause opt_newlines block_expr opt_newlines END 
	opt_type_params: .    (73)

	LBRACK  shift 50
	TYPELBRACK  shift 51
	.  reduce 73 (src line 543)

	opt_type_params  goto 64

state 46
	let_decl:  LET IDENT opt_type_annot.'=' expr 

	'='  shift 65
	.  error


state 47
	opt_type_annot:  COLON.type 

	IDENT  shift 30
	FUNC  shift 59
	LPAREN  shift 60
	.  error

	qualified_name  goto 61
	type  goto 66
	func_type  goto 56
	grouped_type  goto 57
	named_type  goto 58

state 48
	var_decl:  VAR IDENT opt_type_annot.'=' expr 

	'='  shift 67
	.  error


state 49
	enum_decl:  ENUM qualified_name $$19 opt_type_params.$$20 enum_body opt_newlines END 
	$$20: .    (20)

	.  reduce 20 (src line 153)

	$$20  goto 68

state 50
	opt_type_params:  LBRACK.    (74)

	.  reduce 74 (src line 545)


state 51
	opt_type_params:  TYPELBRACK.$$75 maybe_name_list RBRACK 
	$$75: .    (75)

	.  reduce 75 (src line 549)

	$$75  goto 69

state 52
	qualified_name:  qualified_name DOT IDENT.    (91)

	.  reduce 91 (src line 644)


state 53
	struct_decl:  STRUCT qualified_name $$29 opt_type_params.$$30 opt_newlines struct_body opt_newlines END 
	$$30: .    (30)

	.  reduce 30 (src line 231)

	$$30  goto 70

state 54
	interface_decl:  INTERFACE qualified_name $$39 opt_type_params.$$40 func_sig_list opt_newlines END 
	$$40: .    (40)

	.  reduce 40 (src line 309)

	$$40  goto 71

state 55
	impl_decl:  IMPL $$46 opt_impl_type_params type.$$47 COLON type $$48 impl_body opt_newlines END 
	$$47: .    (47)

	.  reduce 47 (src line 364)

	$$47  goto 72

state 56
	type:  func_type.    (92)

	.  reduce 92 (src line 651)


state 57
	type:  grouped_type.    (93)

	.  reduce 93 (src line 656)


state 58
	type:  named_type.    (94)

	.  reduce 94 (src line 660)


state 59
	func_type:  FUNC.func_type_params_start maybe_type_list RPAREN $$95 ARROW type 

	LPAREN  shift 74
	.  error

	func_type_params_start  goto 73

state 60
	grouped_type:  LPAREN.type RPAREN 

	IDENT  shift 30
	FUNC  shift 59
	LPAREN  shift 60
	.  error

	qualified_name  goto 61
	type  goto 75
	func_type  goto 56
	grouped_type  goto 57
	named_type  goto 58

state 61
	qualified_name:  qualified_name.DOT IDENT 
	named_type:  qualified_name.named_type_suffix 
	named_type_suffix: .    (100)

	DOT  shift 39
	TYPELBRACK  shift 77
	.  reduce 100 (src line 719)

	named_type_suffix  goto 76

state 62
	opt_impl_type_params:  LBRACK $$51.maybe_name_list RBRACK 
	maybe_name_list: .    (77)

	IDENT  shift 30
	FUNC  shift 59
	LPAREN  shift 60
	.  reduce 77 (src line 556)

	qualified_name  goto 61
	type  goto 80
	maybe_name_list  goto 78
	name_list  goto 79
	func_type  goto 56
	grouped_type  goto 57
	named_type  goto 58

state 63
	opt_impl_type_params:  TYPELBRACK $$53.maybe_name_list RBRACK 
	maybe_name_list: .    (77)

	IDENT  shift 30
	FUNC  shift 59
	LPAREN  shift 60
	.  reduce 77 (src line 556)

	qualified_name  goto 61
	type  goto 80
	maybe_name_list  goto 81
	name_list  goto 79
	func_type  goto 56
	grouped_type  goto 57
	named_type  goto 58

state 64
	func_decl:  FUNC IDENT $$57 opt_type_params.LPAREN maybe_param_list RPAREN ARROW type opt_using_clause opt_newlines block_expr opt_newlines END 

	LPAREN  shift 82
	.  error


state 65
	let_decl:  LET IDENT opt_type_annot '='.expr 

	IDENT  shift 94
	NUMBER  shift 95
	STRING  shift 96
	FUNC  shift 110
	IF  shift 107
	SWITCH  shift 108
	NOT  shift 92
	WHILE  shift 109
	LPAREN  shift 97
	LBRACK  shift 105
	LBRACE  shift 106
	SLICE  shift 104
	.  error

	expr  goto 83
	pipe_expr  goto 84
	or_expr  goto 85
	and_expr  goto 86
	compare_expr  goto 87
	add_expr  goto 88
	mul_expr  goto 89
	prefix_expr  goto 90
	postfix_expr  goto 91
	primary  goto 93
	slice_lit  goto 98
	collection_lit  goto 99
	if_expr  goto 100
	switch_expr  goto 101
	while_expr  goto 102
	func_lit  goto 103

state 66
	opt_type_annot:  COLON type.    (62)

	.  reduce 62 (src line 490)


state 67
	var_decl:  VAR IDENT opt_type_annot '='.expr 

	IDENT  shift 94
	NUMBER  shift 95
	STRING  shift 96
	FUNC  shift 110
	IF  shift 107
	SWITCH  shift 108
	NOT  shift 92
	WHILE  shift 109
	LPAREN  shift 97
	LBRACK  shift 105
	LBRACE  shift 106
	SLICE  shift 104
	.  error

	expr  goto 111
	pipe_expr  goto 84
	or_expr  goto 85
	and_expr  goto 86
	compare_expr  goto 87
	add_expr  goto 88
	mul_expr  goto 89
	prefix_expr  goto 90
	postfix_expr  goto 91
	primary  goto 93
	slice_lit  goto 98
	collection_lit  goto 99
	if_expr  goto 100
	switch_expr  goto 101
	while_expr  goto 102
	func_lit  goto 103

state 68
	enum_decl:  ENUM qualified_name $$19 opt_type_params $$20.enum_body opt_newlines END 
	enum_body: .    (22)

	.  reduce 22 (src line 172)

	enum_body  goto 112

state 69
	opt_type_params:  TYPELBRACK $$75.maybe_name_list RBRACK 
	maybe_name_list: .    (77)

	IDENT  shift 30
	FUNC  shift 59
	LPAREN  shift 60
	.  reduce 77 (src line 556)

	qualified_name  goto 61
	type  goto 80
	maybe_name_list  goto 113
	name_list  goto 79
	func_type  goto 56
	grouped_type  goto 57
	named_type  goto 58

state 70
	struct_decl:  STRUCT qualified_name $$29 opt_type_params $$30.opt_newlines struct_body opt_newlines END 
	opt_newlines: .    (5)

	.  reduce 5 (src line 107)

	opt_newlines  goto 114

state 71
	interface_decl:  INTERFACE qualified_name $$39 opt_type_params $$40.func_sig_list opt_newlines END 
	func_sig_list: .    (42)

	.  reduce 42 (src line 328)

	func_sig_list  goto 115

state 72
	impl_decl:  IMPL $$46 opt_impl_type_params type $$47.COLON type $$48 impl_body opt_newlines END 

	COLON  shift 116
	.  error


state 73
	func_type:  FUNC func_type_params_start.maybe_type_list RPAREN $$95 ARROW type 
	maybe_type_list: .    (86)

	IDENT  shift 30
	FUNC  shift 59
	LPAREN  shift 60
	.  reduce 86 (src line 614)

	qualified_name  goto 61
	type  goto 119
	maybe_type_list  goto 117
	type_list  goto 118
	func_type  goto 56
	grouped_type  goto 57
	named_type  goto 58

state 74
	func_type_params_start:  LPAREN.    (97)

	.  reduce 97 (src line 702)


state 75
	grouped_type:  LPAREN type.RPAREN 

	RPAREN  shift 120
	.  error


state 76
	named_type:  qualified_name named_type_suffix.    (99)

	.  reduce 99 (src line 715)


state 77
	named_type_suffix:  TYPELBRACK.$$101 maybe_type_list RBRACK 
	$$101: .    (101)

	.  reduce 101 (src line 728)

	$$101  goto 121

state 78
	opt_impl_type_params:  LBRACK $$51 maybe_name_list.RBRACK 

	RBRACK  shift 122
	.  error


state 79
	maybe_name_list:  name_list.    (78)
	name_list:  name_list.COMMA type 

	COMMA  shift 123
	.  reduce 78 (src line 558)


state 80
	name_list:  type.    (79)

	.  reduce 79 (src line 561)


state 81
	opt_impl_type_params:  TYPELBRACK $$53 maybe_name_list.RBRACK 

	RBRACK  shift 124
	.  error


state 82
	func_decl:  FUNC IDENT $$57 opt_type_params LPAREN.maybe_param_list RPAREN ARROW type opt_using_clause opt_newlines block_expr opt_newlines END 
	maybe_param_list: .    (81)

	IDENT  shift 128
	.  reduce 81 (src line 592)

	maybe_param_list  goto 125
	param_list  goto 126
	param  goto 127

state 83
	let_decl:  LET IDENT opt_type_annot '=' expr.    (59)

	.  reduce 59 (src line 461)


84: shift/reduce conflict (shift 129(1), red'n 103(0)) on PIPEFWD
84: shift/reduce conflict (shift 130(1), red'n 103(0)) on PIPEBACK
state 84
	expr:  pipe_expr.    (103)
	pipe_expr:  pipe_expr.PIPEFWD $$105 or_expr 
	pipe_expr:  pipe_expr.PIPEBACK $$107 or_expr 

	PIPEFWD  shift 129
	PIPEBACK  shift 130
	.  reduce 103 (src line 758)


85: shift/reduce conflict (shift 131(2), red'n 104(0)) on OROR
state 85
	pipe_expr:  or_expr.    (104)
	or_expr:  or_expr.OROR and_expr 

	OROR  shift 131
	.  reduce 104 (src line 762)


86: shift/reduce conflict (shift 132(3), red'n 109(0)) on ANDAND
state 86
	or_expr:  and_expr.    (109)
	and_expr:  and_expr.ANDAND compare_expr 

	ANDAND  shift 132
	.  reduce 109 (src line 786)


87: shift/reduce conflict (shift 133(4), red'n 111(0)) on EQEQ
87: shift/reduce conflict (shift 134(4), red'n 111(0)) on NEQ
87: shift/reduce conflict (shift 135(4), red'n 111(0)) on LTE
87: shift/reduce conflict (shift 136(4), red'n 111(0)) on GTE
87: shift/reduce conflict (shift 137(4), red'n 111(0)) on '<'
87: shift/reduce conflict (shift 138(4), red'n 111(0)) on '>'
state 87
	and_expr:  compare_expr.    (111)
	compare_expr:  compare_expr.EQEQ add_expr 
	compare_expr:  compare_expr.NEQ add_expr 
	compare_expr:  compare_expr.LTE add_expr 
	compare_expr:  compare_expr.GTE add_expr 
	compare_expr:  compare_expr.'<' add_expr 
	compare_expr:  compare_expr.'>' add_expr 

	EQEQ  shift 133
	NEQ  shift 134
	LTE  shift 135
	GTE  shift 136
	'<'  shift 137
	'>'  shift 138
	.  reduce 111 (src line 798)


88: shift/reduce conflict (shift 139(5), red'n 113(0)) on '+'
88: shift/reduce conflict (shift 140(5), red'n 113(0)) on '-'
state 88
	compare_expr:  add_expr.    (113)
	add_expr:  add_expr.'+' mul_expr 
	add_expr:  add_expr.'-' mul_expr 

	'+'  shift 139
	'-'  shift 140
	.  reduce 113 (src line 810)


89: shift/reduce conflict (shift 141(6), red'n 120(0)) on '*'
89: shift/reduce conflict (shift 142(6), red'n 120(0)) on '/'
state 89
	add_expr:  mul_expr.    (120)
	mul_expr:  mul_expr.'*' prefix_expr 
	mul_expr:  mul_expr.'/' prefix_expr 

	'*'  shift 141
	'/'  shift 142
	.  reduce 120 (src line 847)


state 90
	mul_expr:  prefix_expr.    (123)

	.  reduce 123 (src line 864)


91: shift/reduce conflict (shift 144(0), red'n 126(8)) on DOT
91: shift/reduce conflict (shift 148(0), red'n 126(8)) on LPAREN
91: shift/reduce conflict (shift 146(0), red'n 126(8)) on LBRACK
91: shift/reduce conflict (shift 147(0), red'n 126(8)) on LBRACE
91: shift/reduce conflict (shift 145(0), red'n 126(8)) on TYPELBRACK
state 91
	prefix_expr:  postfix_expr.    (126)
	postfix_expr:  postfix_expr.call_start maybe_expr_list RPAREN 
	postfix_expr:  postfix_expr.DOT IDENT 
	postfix_expr:  postfix_expr.TYPELBRACK maybe_type_list RBRACK LBRACE maybe_struct_fields RBRACE 
	postfix_expr:  postfix_expr.LBRACK $$132 maybe_type_list RBRACK LBRACE maybe_struct_fields RBRACE 
	postfix_expr:  postfix_expr.LBRACE maybe_struct_fields RBRACE 

	DOT  shift 144
	LPAREN  shift 148
	LBRACK  shift 146
	LBRACE  shift 147
	TYPELBRACK  shift 145
	.  reduce 126 (src line 881)

	call_start  goto 143

state 92
	prefix_expr:  NOT.postfix_expr 

	IDENT  shift 94
	NUMBER  shift 95
	STRING  shift 96
	FUNC  shift 110
	IF  shift 107
	SWITCH  shift 108
	WHILE  shift 109
	LPAREN  shift 97
	LBRACK  shift 105
	LBRACE  shift 106
	SLICE  shift 104
	.  error

	postfix_expr  goto 149
	primary  goto 93
	slice_lit  goto 98
	collection_lit  goto 99
	if_expr  goto 100
	switch_expr  goto 101
	while_expr  goto 102
	func_lit  goto 103

state 93
	postfix_expr:  primary.    (128)

	.  reduce 128 (src line 889)


state 94
	primary:  IDENT.    (135)

	.  reduce 135 (src line 947)


state 95
	primary:  NUMBER.    (136)

	.  reduce 136 (src line 952)


state 96
	primary:  STRING.    (137)

	.  reduce 137 (src line 956)


state 97
	primary:  LPAREN.expr RPAREN 

	IDENT  shift 94
	NUMBER  shift 95
	STRING  shift 96
	FUNC  shift 110
	IF  shift 107
	SWITCH  shift 108
	NOT  shift 92
	WHILE  shift 109
	LPAREN  shift 97
	LBRACK  shift 105
	LBRACE  shift 106
	SLICE  shift 104
	.  error

	expr  goto 150
	pipe_expr  goto 84
	or_expr  goto 85
	and_expr  goto 86
	compare_expr  goto 87
	add_expr  goto 88
	mul_expr  goto 89
	prefix_expr  goto 90
	postfix_expr  goto 91
	primary  goto 93
	slice_lit  goto 98
	collection_lit  goto 99
	if_expr  goto 100
	switch_expr  goto 101
	while_expr  goto 102
	func_lit  goto 103

state 98
	primary:  slice_lit.    (139)

	.  reduce 139 (src line 961)


state 99
	primary:  collection_lit.    (140)

	.  reduce 140 (src line 962)


state 100
	primary:  if_expr.    (141)

	.  reduce 141 (src line 963)


state 101
	primary:  switch_expr.    (142)

	.  reduce 142 (src line 964)


state 102
	primary:  while_expr.    (143)

	.  reduce 143 (src line 965)


state 103
	primary:  func_lit.    (144)

	.  reduce 144 (src line 966)


state 104
	slice_lit:  SLICE.    (145)

	.  reduce 145 (src line 969)


state 105
	slice_lit:  LBRACK.maybe_expr_list RBRACK 
	maybe_expr_list: .    (148)

	IDENT  shift 94
	NUMBER  shift 95
	STRING  shift 96
	FUNC  shift 110
	IF  shift 107
	SWITCH  shift 108
	NOT  shift 92
	WHILE  shift 109
	LPAREN  shift 97
	LBRACK  shift 105
	LBRACE  shift 106
	SLICE  shift 104
	.  reduce 148 (src line 994)

	expr  goto 153
	pipe_expr  goto 84
	or_expr  goto 85
	and_expr  goto 86
	compare_expr  goto 87
	add_expr  goto 88
	mul_expr  goto 89
	prefix_expr  goto 90
	postfix_expr  goto 91
	primary  goto 93
	maybe_expr_list  goto 151
	slice_lit  goto 98
	collection_lit  goto 99
	if_expr  goto 100
	switch_expr  goto 101
	while_expr  goto 102
	func_lit  goto 103
	expr_list  goto 152

state 106
	collection_lit:  LBRACE.maybe_collection_entries RBRACE 
	maybe_collection_entries: .    (159)

	IDENT  shift 94
	NUMBER  shift 95
	STRING  shift 96
	FUNC  shift 110
	IF  shift 107
	SWITCH  shift 108
	NOT  shift 92
	WHILE  shift 109
	LPAREN  shift 97
	LBRACK  shift 105
	LBRACE  shift 106
	SLICE  shift 104
	.  reduce 159 (src line 1056)

	expr  goto 157
	pipe_expr  goto 84
	or_expr  goto 85
	and_expr  goto 86
	compare_expr  goto 87
	add_expr  goto 88
	mul_expr  goto 89
	prefix_expr  goto 90
	postfix_expr  goto 91
	primary  goto 93
	slice_lit  goto 98
	collection_lit  goto 99
	if_expr  goto 100
	switch_expr  goto 101
	while_expr  goto 102
	func_lit  goto 103
	maybe_collection_entries  goto 154
	collection_entries  goto 155
	collection_entry  goto 156

state 107
	if_expr:  IF.expr $$166 THEN expr $$167 ELSE expr 
	if_expr:  IF.expr NEWLINE $$169 opt_newlines block_expr $$170 ELSE opt_newlines block_expr opt_newlines END 

	IDENT  shift 94
	NUMBER  shift 95
	STRING  shift 96
	FUNC  shift 110
	IF  shift 107
	SWITCH  shift 108
	NOT  shift 92
	WHILE  shift 109
	LPAREN  shift 97
	LBRACK  shift 105
	LBRACE  shift 106
	SLICE  shift 104
	.  error

	expr  goto 158
	pipe_expr  goto 84
	or_expr  goto 85
	and_expr  goto 86
	compare_expr  goto 87
	add_expr  goto 88
	mul_expr  goto 89
	prefix_expr  goto 90
	postfix_expr  goto 91
	primary  goto 93
	slice_lit  goto 98
	collection_lit  goto 99
	if_expr  goto 100
	switch_expr  goto 101
	while_expr  goto 102
	func_lit  goto 103

state 108
	switch_expr:  SWITCH.expr $$174 opt_newlines switch_case_list opt_newlines END 

	IDENT  shift 94
	NUMBER  shift 95
	STRING  shift 96
	FUNC  shift 110
	IF  shift 107
	SWITCH  shift 108
	NOT  shift 92
	WHILE  shift 109
	LPAREN  shift 97
	LBRACK  shift 105
	LBRACE  shift 106
	SLICE  shift 104
	.  error

	expr  goto 159
	pipe_expr  goto 84
	or_expr  goto 85
	and_expr  goto 86
	compare_expr  goto 87
	add_expr  goto 88
	mul_expr  goto 89
	prefix_expr  goto 90
	postfix_expr  goto 91
	primary  goto 93
	slice_lit  goto 98
	collection_lit  goto 99
	if_expr  goto 100
	switch_expr  goto 101
	while_expr  goto 102
	func_lit  goto 103

state 109
	while_expr:  WHILE.expr $$172 opt_newlines block_expr opt_newlines END 

	IDENT  shift 94
	NUMBER  shift 95
	STRING  shift 96
	FUNC  shift 110
	IF  shift 107
	SWITCH  shift 108
	NOT  shift 92
	WHILE  shift 109
	LPAREN  shift 97
	LBRACK  shift 105
	LBRACE  shift 106
	SLICE  shift 104
	.  error

	expr  goto 160
	pipe_expr  goto 84
	or_expr  goto 85
	and_expr  goto 86
	compare_expr  goto 87
	add_expr  goto 88
	mul_expr  goto 89
	prefix_expr  goto 90
	postfix_expr  goto 91
	primary  goto 93
	slice_lit  goto 98
	collection_lit  goto 99
	if_expr  goto 100
	switch_expr  goto 101
	while_expr  goto 102
	func_lit  goto 103

state 110
	func_lit:  FUNC.LPAREN maybe_param_list RPAREN ARROW type opt_newlines block_expr opt_newlines END 

	LPAREN  shift 161
	.  error


state 111
	var_decl:  VAR IDENT opt_type_annot '=' expr.    (60)

	.  reduce 60 (src line 474)


state 112
	enum_decl:  ENUM qualified_name $$19 opt_type_params $$20 enum_body.opt_newlines END 
	enum_body:  enum_body.opt_newlines enum_variant 
	opt_newlines: .    (5)

	.  reduce 5 (src line 107)

	opt_newlines  goto 162

state 113
	opt_type_params:  TYPELBRACK $$75 maybe_name_list.RBRACK 

	RBRACK  shift 163
	.  error


114: shift/reduce conflict (shift 8(0), red'n 35(0)) on NEWLINE
state 114
	opt_newlines:  opt_newlines.NEWLINE 
	struct_decl:  STRUCT qualified_name $$29 opt_type_params $$30 opt_newlines.struct_body opt_newlines END 
	struct_fields: .    (35)

	NEWLINE  shift 8
	LPAREN  shift 165
	.  reduce 35 (src line 274)

	struct_body  goto 164
	struct_fields  goto 166

state 115
	interface_decl:  INTERFACE qualified_name $$39 opt_type_params $$40 func_sig_list.opt_newlines END 
	func_sig_list:  func_sig_list.opt_newlines func_sig 
	opt_newlines: .    (5)

	.  reduce 5 (src line 107)

	opt_newlines  goto 167

state 116
	impl_decl:  IMPL $$46 opt_impl_type_params type $$47 COLON.type $$48 impl_body opt_newlines END 

	IDENT  shift 30
	FUNC  shift 59
	LPAREN  shift 60
	.  error

	qualified_name  goto 61
	type  goto 168
	func_type  goto 56
	grouped_type  goto 57
	named_type  goto 58

state 117
	func_type:  FUNC func_type_params_start maybe_type_list.RPAREN $$95 ARROW type 

	RPAREN  shift 169
	.  error


state 118
	maybe_type_list:  type_list.    (87)
	type_list:  type_list.COMMA type 

	COMMA  shift 170
	.  reduce 87 (src line 616)


state 119
	type_list:  type.    (88)

	.  reduce 88 (src line 619)


state 120
	grouped_type:  LPAREN type RPAREN.    (98)

	.  reduce 98 (src line 711)


state 121
	named_type_suffix:  TYPELBRACK $$101.maybe_type_list RBRACK 
	maybe_type_list: .    (86)

	IDENT  shift 30
	FUNC  shift 59
	LPAREN  shift 60
	.  reduce 86 (src line 614)

	qualified_name  goto 61
	type  goto 119
	maybe_type_list  goto 171
	type_list  goto 118
	func_type  goto 56
	grouped_type  goto 57
	named_type  goto 58

state 122
	opt_impl_type_params:  LBRACK $$51 maybe_name_list RBRACK.    (52)

	.  reduce 52 (src line 409)


state 123
	name_list:  name_list COMMA.type 

	IDENT  shift 30
	FUNC  shift 59
	LPAREN  shift 60
	.  error

	qualified_name  goto 61
	type  goto 172
	func_type  goto 56
	grouped_type  goto 57
	named_type  goto 58

state 124
	opt_impl_type_params:  TYPELBRACK $$53 maybe_name_list RBRACK.    (54)

	.  reduce 54 (src line 418)


state 125
	func_decl:  FUNC IDENT $$57 opt_type_params LPAREN maybe_param_list.RPAREN ARROW type opt_using_clause opt_newlines block_expr opt_newlines END 

	RPAREN  shift 173
	.  error


state 126
	maybe_param_list:  param_list.    (82)
	param_list:  param_list.COMMA param 

	COMMA  shift 174
	.  reduce 82 (src line 594)


state 127
	param_list:  param.    (83)

	.  reduce 83 (src line 597)


state 128
	param:  IDENT.COLON type 

	COLON  shift 175
	.  error


state 129
	pipe_expr:  pipe_expr PIPEFWD.$$105 or_expr 
	$$105: .    (105)

	.  reduce 105 (src line 768)

	$$105  goto 176

state 130
	pipe_expr:  pipe_expr PIPEBACK.$$107 or_expr 
	$$107: .    (107)

	.  reduce 107 (src line 776)

	$$107  goto 177

state 131
	or_expr:  or_expr OROR.and_expr 

	IDENT  shift 94
	NUMBER  shift 95
	STRING  shift 96
	FUNC  shift 110
	IF  shift 107
	SWITCH  shift 108
	NOT  shift 92
	WHILE  shift 109
	LPAREN  shift 97
	LBRACK  shift 105
	LBRACE  shift 106
	SLICE  shift 104
	.  error

	and_expr  goto 178
	compare_expr  goto 87
	add_expr  goto 88
	mul_expr  goto 89
	prefix_expr  goto 90
	postfix_expr  goto 91
	primary  goto 93
	slice_lit  goto 98
	collection_lit  goto 99
	if_expr  goto 100
	switch_expr  goto 101
	while_expr  goto 102
	func_lit  goto 103

state 132
	and_expr:  and_expr ANDAND.compare_expr 

	IDENT  shift 94
	NUMBER  shift 95
	STRING  shift 96
	FUNC  shift 110
	IF  shift 107
	SWITCH  shift 108
	NOT  shift 92
	WHILE  shift 109
	LPAREN  shift 97
	LBRACK  shift 105
	LBRACE  shift 106
	SLICE  shift 104
	.  error

	compare_expr  goto 179
	add_expr  goto 88
	mul_expr  goto 89
	prefix_expr  goto 90
	postfix_expr  goto 91
	primary  goto 93
	slice_lit  goto 98
	collection_lit  goto 99
	if_expr  goto 100
	switch_expr  goto 101
	while_expr  goto 102
	func_lit  goto 103

state 133
	compare_expr:  compare_expr EQEQ.add_expr 

	IDENT  shift 94
	NUMBER  shift 95
	STRING  shift 96
	FUNC  shift 110
	IF  shift 107
	SWITCH  shift 108
	NOT  shift 92
	WHILE  shift 109
	LPAREN  shift 97
	LBRACK  shift 105
	LBRACE  shift 106
	SLICE  shift 104
	.  error

	add_expr  goto 180
	mul_expr  goto 89
	prefix_expr  goto 90
	postfix_expr  goto 91
	primary  goto 93
	slice_lit  goto 98
	collection_lit  goto 99
	if_expr  goto 100
	switch_expr  goto 101
	while_expr  goto 102
	func_lit  goto 103

state 134
	compare_expr:  compare_expr NEQ.add_expr 

	IDENT  shift 94
	NUMBER  shift 95
	STRING  shift 96
	FUNC  shift 110
	IF  shift 107
	SWITCH  shift 108
	NOT  shift 92
	WHILE  shift 109
	LPAREN  shift 97
	LBRACK  shift 105
	LBRACE  shift 106
	SLICE  shift 104
	.  error

	add_expr  goto 181
	mul_expr  goto 89
	prefix_expr  goto 90
	postfix_expr  goto 91
	primary  goto 93
	slice_lit  goto 98
	collection_lit  goto 99
	if_expr  goto 100
	switch_expr  goto 101
	while_expr  goto 102
	func_lit  goto 103

state 135
	compare_expr:  compare_expr LTE.add_expr 

	IDENT  shift 94
	NUMBER  shift 95
	STRING  shift 96
	FUNC  shift 110
	IF  shift 107
	SWITCH  shift 108
	NOT  shift 92
	WHILE  shift 109
	LPAREN  shift 97
	LBRACK  shift 105
	LBRACE  shift 106
	SLICE  shift 104
	.  error

	add_expr  goto 182
	mul_expr  goto 89
	prefix_expr  goto 90
	postfix_expr  goto 91
	primary  goto 93
	slice_lit  goto 98
	collection_lit  goto 99
	if_expr  goto 100
	switch_expr  goto 101
	while_expr  goto 102
	func_lit  goto 103

state 136
	compare_expr:  compare_expr GTE.add_expr 

	IDENT  shift 94
	NUMBER  shift 95
	STRING  shift 96
	FUNC  shift 110
	IF  shift 107
	SWITCH  shift 108
	NOT  shift 92
	WHILE  shift 109
	LPAREN  shift 97
	LBRACK  shift 105
	LBRACE  shift 106
	SLICE  shift 104
	.  error

	add_expr  goto 183
	mul_expr  goto 89
	prefix_expr  goto 90
	postfix_expr  goto 91
	primary  goto 93
	slice_lit  goto 98
	collection_lit  goto 99
	if_expr  goto 100
	switch_expr  goto 101
	while_expr  goto 102
	func_lit  goto 103

state 137
	compare_expr:  compare_expr '<'.add_expr 

	IDENT  shift 94
	NUMBER  shift 95
	STRING  shift 96
	FUNC  shift 110
	IF  shift 107
	SWITCH  shift 108
	NOT  shift 92
	WHILE  shift 109
	LPAREN  shift 97
	LBRACK  shift 105
	LBRACE  shift 106
	SLICE  shift 104
	.  error

	add_expr  goto 184
	mul_expr  goto 89
	prefix_expr  goto 90
	postfix_expr  goto 91
	primary  goto 93
	slice_lit  goto 98
	collection_lit  goto 99
	if_expr  goto 100
	switch_expr  goto 101
	while_expr  goto 102
	func_lit  goto 103

state 138
	compare_expr:  compare_expr '>'.add_expr 

	IDENT  shift 94
	NUMBER  shift 95
	STRING  shift 96
	FUNC  shift 110
	IF  shift 107
	SWITCH  shift 108
	NOT  shift 92
	WHILE  shift 109
	LPAREN  shift 97
	LBRACK  shift 105
	LBRACE  shift 106
	SLICE  shift 104
	.  error

	add_expr  goto 185
	mul_expr  goto 89
	prefix_expr  goto 90
	postfix_expr  goto 91
	primary  goto 93
	slice_lit  goto 98
	collection_lit  goto 99
	if_expr  goto 100
	switch_expr  goto 101
	while_expr  goto 102
	func_lit  goto 103

state 139
	add_expr:  add_expr '+'.mul_expr 

	IDENT  shift 94
	NUMBER  shift 95
	STRING  shift 96
	FUNC  shift 110
	IF  shift 107
	SWITCH  shift 108
	NOT  shift 92
	WHILE  shift 109
	LPAREN  shift 97
	LBRACK  shift 105
	LBRACE  shift 106
	SLICE  shift 104
	.  error

	mul_expr  goto 186
	prefix_expr  goto 90
	postfix_expr  goto 91
	primary  goto 93
	slice_lit  goto 98
	collection_lit  goto 99
	if_expr  goto 100
	switch_expr  goto 101
	while_expr  goto 102
	func_lit  goto 103

state 140
	add_expr:  add_expr '-'.mul_expr 

	IDENT  shift 94
	NUMBER  shift 95
	STRING  shift 96
	FUNC  shift 110
	IF  shift 107
	SWITCH  shift 108
	NOT  shift 92
	WHILE  shift 109
	LPAREN  shift 97
	LBRACK  shift 105
	LBRACE  shift 106
	SLICE  shift 104
	.  error

	mul_expr  goto 187
	prefix_expr  goto 90
	postfix_expr  goto 91
	primary  goto 93
	slice_lit  goto 98
	collection_lit  goto 99
	if_expr  goto 100
	switch_expr  goto 101
	while_expr  goto 102
	func_lit  goto 103

state 141
	mul_expr:  mul_expr '*'.prefix_expr 

	IDENT  shift 94
	NUMBER  shift 95
	STRING  shift 96
	FUNC  shift 110
	IF  shift 107
	SWITCH  shift 108
	NOT  shift 92
	WHILE  shift 109
	LPAREN  shift 97
	LBRACK  shift 105
	LBRACE  shift 106
	SLICE  shift 104
	.  error

	prefix_expr  goto 188
	postfix_expr  goto 91
	primary  goto 93
	slice_lit  goto 98
	collection_lit  goto 99
	if_expr  goto 100
	switch_expr  goto 101
	while_expr  goto 102
	func_lit  goto 103

state 142
	mul_expr:  mul_expr '/'.prefix_expr 

	IDENT  shift 94
	NUMBER  shift 95
	STRING  shift 96
	FUNC  shift 110
	IF  shift 107
	SWITCH  shift 108
	NOT  shift 92
	WHILE  shift 109
	LPAREN  shift 97
	LBRACK  shift 105
	LBRACE  shift 106
	SLICE  shift 104
	.  error

	prefix_expr  goto 189
	postfix_expr  goto 91
	primary  goto 93
	slice_lit  goto 98
	collection_lit  goto 99
	if_expr  goto 100
	switch_expr  goto 101
	while_expr  goto 102
	func_lit  goto 103

state 143
	postfix_expr:  postfix_expr call_start.maybe_expr_list RPAREN 
	maybe_expr_list: .    (148)

	IDENT  shift 94
	NUMBER  shift 95
	STRING  shift 96
	FUNC  shift 110
	IF  shift 107
	SWITCH  shift 108
	NOT  shift 92
	WHILE  shift 109
	LPAREN  shift 97
	LBRACK  shift 105
	LBRACE  shift 106
	SLICE  shift 104
	.  reduce 148 (src line 994)

	expr  goto 153
	pipe_expr  goto 84
	or_expr  goto 85
	and_expr  goto 86
	compare_expr  goto 87
	add_expr  goto 88
	mul_expr  goto 89
	prefix_expr  goto 90
	postfix_expr  goto 91
	primary  goto 93
	maybe_expr_list  goto 190
	slice_lit  goto 98
	collection_lit  goto 99
	if_expr  goto 100
	switch_expr  goto 101
	while_expr  goto 102
	func_lit  goto 103
	expr_list  goto 152

state 144
	postfix_expr:  postfix_expr DOT.IDENT 

	IDENT  shift 191
	.  error


state 145
	postfix_expr:  postfix_expr TYPELBRACK.maybe_type_list RBRACK LBRACE maybe_struct_fields RBRACE 
	maybe_type_list: .    (86)

	IDENT  shift 30
	FUNC  shift 59
	LPAREN  shift 60
	.  reduce 86 (src line 614)

	qualified_name  goto 61
	type  goto 119
	maybe_type_list  goto 192
	type_list  goto 118
	func_type  goto 56
	grouped_type  goto 57
	named_type  goto 58

state 146
	postfix_expr:  postfix_expr LBRACK.$$132 maybe_type_list RBRACK LBRACE maybe_struct_fields RBRACE 
	$$132: .    (132)

	.  reduce 132 (src line 923)

	$$132  goto 193

state 147
	postfix_expr:  postfix_expr LBRACE.maybe_struct_fields RBRACE 
	maybe_struct_fields: .    (153)

	IDENT  shift 197
	.  reduce 153 (src line 1026)

	maybe_struct_fields  goto 194
	struct_field_list  goto 195
	struct_field  goto 196

state 148
	call_start:  LPAREN.    (147)

	.  reduce 147 (src line 982)


149: shift/reduce conflict (shift 144(0), red'n 127(7)) on DOT
149: shift/reduce conflict (shift 148(0), red'n 127(7)) on LPAREN
149: shift/reduce conflict (shift 146(0), red'n 127(7)) on LBRACK
149: shift/reduce conflict (shift 147(0), red'n 127(7)) on LBRACE
149: shift/reduce conflict (shift 145(0), red'n 127(7)) on TYPELBRACK
state 149
	prefix_expr:  NOT postfix_expr.    (127)
	postfix_expr:  postfix_expr.call_start maybe_expr_list RPAREN 
	postfix_expr:  postfix_expr.DOT IDENT 
	postfix_expr:  postfix_expr.TYPELBRACK maybe_type_list RBRACK LBRACE maybe_struct_fields RBRACE 
	postfix_expr:  postfix_expr.LBRACK $$132 maybe_type_list RBRACK LBRACE maybe_struct_fields RBRACE 
	postfix_expr:  postfix_expr.LBRACE maybe_struct_fields RBRACE 

	DOT  shift 144
	LPAREN  shift 148
	LBRACK  shift 146
	LBRACE  shift 147
	TYPELBRACK  shift 145
	.  reduce 127 (src line 883)

	call_start  goto 143

state 150
	primary:  LPAREN expr.RPAREN 

	RPAREN  shift 198
	.  error


state 151
	slice_lit:  LBRACK maybe_expr_list.RBRACK 

	RBRACK  shift 199
	.  error


state 152
	maybe_expr_list:  expr_list.    (149)
	expr_list:  expr_list.COMMA expr 

	COMMA  shift 200
	.  reduce 149 (src line 996)


state 153
	expr_list:  expr.    (150)

	.  reduce 150 (src line 999)


state 154
	collection_lit:  LBRACE maybe_collection_entries.RBRACE 

	RBRACE  shift 201
	.  error


state 155
	maybe_collection_entries:  collection_entries.    (160)
	collection_entries:  collection_entries.COMMA collection_entry 

	COMMA  shift 202
	.  reduce 160 (src line 1058)


state 156
	collection_entries:  collection_entry.    (161)

	.  reduce 161 (src line 1061)


state 157
	collection_entry:  expr.$$163 COLON expr 
	collection_entry:  expr.    (165)
	$$163: .    (163)

	COLON  reduce 163 (src line 1066)
	.  reduce 165 (src line 1083)

	$$163  goto 203

state 158
	if_expr:  IF expr.$$166 THEN expr $$167 ELSE expr 
	if_expr:  IF expr.NEWLINE $$169 opt_newlines block_expr $$170 ELSE opt_newlines block_expr opt_newlines END 
	$$166: .    (166)

	NEWLINE  shift 205
	.  reduce 166 (src line 1089)

	$$166  goto 204

state 159
	switch_expr:  SWITCH expr.$$174 opt_newlines switch_case_list opt_newlines END 
	$$174: .    (174)

	.  reduce 174 (src line 1140)

	$$174  goto 206

state 160
	while_expr:  WHILE expr.$$172 opt_newlines block_expr opt_newlines END 
	$$172: .    (172)

	.  reduce 172 (src line 1125)

	$$172  goto 207

state 161
	func_lit:  FUNC LPAREN.maybe_param_list RPAREN ARROW type opt_newlines block_expr opt_newlines END 
	maybe_param_list: .    (81)

	IDENT  shift 128
	.  reduce 81 (src line 592)

	maybe_param_list  goto 208
	param_list  goto 126
	param  goto 127

state 162
	opt_newlines:  opt_newlines.NEWLINE 
	enum_decl:  ENUM qualified_name $$19 opt_type_params $$20 enum_body opt_newlines.END 
	enum_body:  enum_body opt_newlines.enum_variant 

	IDENT  shift 211
	END  shift 209
	NEWLINE  shift 8
	.  error

	enum_variant  goto 210

state 163
	opt_type_params:  TYPELBRACK $$75 maybe_name_list RBRACK.    (76)

	.  reduce 76 (src line 553)


state 164
	struct_decl:  STRUCT qualified_name $$29 opt_type_params $$30 opt_newlines struct_body.opt_newlines END 
	opt_newlines: .    (5)

	.  reduce 5 (src line 107)

	opt_newlines  goto 212

state 165
	struct_body:  LPAREN.$$32 maybe_type_list RPAREN 
	$$32: .    (32)

	.  reduce 32 (src line 250)

	$$32  goto 213

state 166
	struct_body:  struct_fields.    (34)
	struct_fields:  struct_fields.field opt_newlines 

	IDENT  shift 215
	EMBED  shift 216
	.  reduce 34 (src line 271)

	field  goto 214

state 167
	opt_newlines:  opt_newlines.NEWLINE 
	interface_decl:  INTERFACE qualified_name $$39 opt_type_params $$40 func_sig_list opt_newlines.END 
	func_sig_list:  func_sig_list opt_newlines.func_sig 

	FUNC  shift 219
	END  shift 217
	NEWLINE  shift 8
	.  error

	func_sig  goto 218

state 168
	impl_decl:  IMPL $$46 opt_impl_type_params type $$47 COLON type.$$48 impl_body opt_newlines END 
	$$48: .    (48)

	.  reduce 48 (src line 368)

	$$48  goto 220

state 169
	func_type:  FUNC func_type_params_start maybe_type_list RPAREN.$$95 ARROW type 
	$$95: .    (95)

	.  reduce 95 (src line 666)

	$$95  goto 221

state 170
	type_list:  type_list COMMA.type 

	IDENT  shift 30
	FUNC  shift 59
	LPAREN  shift 60
	.  error

	qualified_name  goto 61
	type  goto 222
	func_type  goto 56
	grouped_type  goto 57
	named_type  goto 58

state 171
	named_type_suffix:  TYPELBRACK $$101 maybe_type_list.RBRACK 

	RBRACK  shift 223
	.  error


state 172
	name_list:  name_list COMMA type.    (80)

	.  reduce 80 (src line 576)


state 173
	func_decl:  FUNC IDENT $$57 opt_type_params LPAREN maybe_param_list RPAREN.ARROW type opt_using_clause opt_newlines block_expr opt_newlines END 

	ARROW  shift 224
	.  error


state 174
	param_list:  param_list COMMA.param 

	IDENT  shift 128
	.  error

	param  goto 225

state 175
	param:  IDENT COLON.type 

	IDENT  shift 30
	FUNC  shift 59
	LPAREN  shift 60
	.  error

	qualified_name  goto 61
	type  goto 226
	func_type  goto 56
	grouped_type  goto 57
	named_type  goto 58

state 176
	pipe_expr:  pipe_expr PIPEFWD $$105.or_expr 

	IDENT  shift 94
	NUMBER  shift 95
	STRING  shift 96
	FUNC  shift 110
	IF  shift 107
	SWITCH  shift 108
	NOT  shift 92
	WHILE  shift 109
	LPAREN  shift 97
	LBRACK  shift 105
	LBRACE  shift 106
	SLICE  shift 104
	.  error

	or_expr  goto 227
	and_expr  goto 86
	compare_expr  goto 87
	add_expr  goto 88
	mul_expr  goto 89
	prefix_expr  goto 90
	postfix_expr  goto 91
	primary  goto 93
	slice_lit  goto 98
	collection_lit  goto 99
	if_expr  goto 100
	switch_expr  goto 101
	while_expr  goto 102
	func_lit  goto 103

state 177
	pipe_expr:  pipe_expr PIPEBACK $$107.or_expr 

	IDENT  shift 94
	NUMBER  shift 95
	STRING  shift 96
	FUNC  shift 110
	IF  shift 107
	SWITCH  shift 108
	NOT  shift 92
	WHILE  shift 109
	LPAREN  shift 97
	LBRACK  shift 105
	LBRACE  shift 106
	SLICE  shift 104
	.  error

	or_expr  goto 228
	and_expr  goto 86
	compare_expr  goto 87
	add_expr  goto 88
	mul_expr  goto 89
	prefix_expr  goto 90
	postfix_expr  goto 91
	primary  goto 93
	slice_lit  goto 98
	collection_lit  goto 99
	if_expr  goto 100
	switch_expr  goto 101
	while_expr  goto 102
	func_lit  goto 103

state 178
	or_expr:  or_expr OROR and_expr.    (110)
	and_expr:  and_expr.ANDAND compare_expr 

	ANDAND  shift 132
	.  reduce 110 (src line 791)


state 179
	and_expr:  and_expr ANDAND compare_expr.    (112)
	compare_expr:  compare_expr.EQEQ add_expr 
	compare_expr:  compare_expr.NEQ add_expr 
	compare_expr:  compare_expr.LTE add_expr 
	compare_expr:  compare_expr.GTE add_expr 
	compare_expr:  compare_expr.'<' add_expr 
	compare_expr:  compare_expr.'>' add_expr 

	EQEQ  shift 133
	NEQ  shift 134
	LTE  shift 135
	GTE  shift 136
	'<'  shift 137
	'>'  shift 138
	.  reduce 112 (src line 803)


state 180
	compare_expr:  compare_expr EQEQ add_expr.    (114)
	add_expr:  add_expr.'+' mul_expr 
	add_expr:  add_expr.'-' mul_expr 

	'+'  shift 139
	'-'  shift 140
	.  reduce 114 (src line 815)


state 181
	compare_expr:  compare_expr NEQ add_expr.    (115)
	add_expr:  add_expr.'+' mul_expr 
	add_expr:  add_expr.'-' mul_expr 

	'+'  shift 139
	'-'  shift 140
	.  reduce 115 (src line 820)


state 182
	compare_expr:  compare_expr LTE add_expr.    (116)
	add_expr:  add_expr.'+' mul_expr 
	add_expr:  add_expr.'-' mul_expr 

	'+'  shift 139
	'-'  shift 140
	.  reduce 116 (src line 825)


state 183
	compare_expr:  compare_expr GTE add_expr.    (117)
	add_expr:  add_expr.'+' mul_expr 
	add_expr:  add_expr.'-' mul_expr 

	'+'  shift 139
	'-'  shift 140
	.  reduce 117 (src line 830)


state 184
	compare_expr:  compare_expr '<' add_expr.    (118)
	add_expr:  add_expr.'+' mul_expr 
	add_expr:  add_expr.'-' mul_expr 

	'+'  shift 139
	'-'  shift 140
	.  reduce 118 (src line 835)


state 185
	compare_expr:  compare_expr '>' add_expr.    (119)
	add_expr:  add_expr.'+' mul_expr 
	add_expr:  add_expr.'-' mul_expr 

	'+'  shift 139
	'-'  shift 140
	.  reduce 119 (src line 840)


state 186
	add_expr:  add_expr '+' mul_expr.    (121)
	mul_expr:  mul_expr.'*' prefix_expr 
	mul_expr:  mul_expr.'/' prefix_expr 

	'*'  shift 141
	'/'  shift 142
	.  reduce 121 (src line 852)


state 187
	add_expr:  add_expr '-' mul_expr.    (122)
	mul_expr:  mul_expr.'*' prefix_expr 
	mul_expr:  mul_expr.'/' prefix_expr 

	'*'  shift 141
	'/'  shift 142
	.  reduce 122 (src line 857)


state 188
	mul_expr:  mul_expr '*' prefix_expr.    (124)

	.  reduce 124 (src line 869)


state 189
	mul_expr:  mul_expr '/' prefix_expr.    (125)

	.  reduce 125 (src line 874)


state 190
	postfix_expr:  postfix_expr call_start maybe_expr_list.RPAREN 

	RPAREN  shift 229
	.  error


state 191
	postfix_expr:  postfix_expr DOT IDENT.    (130)

	.  reduce 130 (src line 910)


state 192
	postfix_expr:  postfix_expr TYPELBRACK maybe_type_list.RBRACK LBRACE maybe_struct_fields RBRACE 

	RBRACK  shift 230
	.  error


state 193
	postfix_expr:  postfix_expr LBRACK $$132.maybe_type_list RBRACK LBRACE maybe_struct_fields RBRACE 
	maybe_type_list: .    (86)

	IDENT  shift 30
	FUNC  shift 59
	LPAREN  shift 60
	.  reduce 86 (src line 614)

	qualified_name  goto 61
	type  goto 119
	maybe_type_list  goto 231
	type_list  goto 118
	func_type  goto 56
	grouped_type  goto 57
	named_type  goto 58

state 194
	postfix_expr:  postfix_expr LBRACE maybe_struct_fields.RBRACE 

	RBRACE  shift 232
	.  error


state 195
	maybe_struct_fields:  struct_field_list.    (154)
	struct_field_list:  struct_field_list.COMMA struct_field 

	COMMA  shift 233
	.  reduce 154 (src line 1028)


state 196
	struct_field_list:  struct_field.    (155)

	.  reduce 155 (src line 1031)


state 197
	struct_field:  IDENT.COLON expr 
	struct_field:  IDENT.    (158)

	COLON  shift 234
	.  reduce 158 (src line 1046)


state 198
	primary:  LPAREN expr RPAREN.    (138)

	.  reduce 138 (src line 960)


state 199
	slice_lit:  LBRACK maybe_expr_list RBRACK.    (146)

	.  reduce 146 (src line 975)


state 200
	expr_list:  expr_list COMMA.expr 

	IDENT  shift 94
	NUMBER  shift 95
	STRING  shift 96
	FUNC  shift 110
	IF  shift 107
	SWITCH  shift 108
	NOT  shift 92
	WHILE  shift 109
	LPAREN  shift 97
	LBRACK  shift 105
	LBRACE  shift 106
	SLICE  shift 104
	.  error

	expr  goto 235
	pipe_expr  goto 84
	or_expr  goto 85
	and_expr  goto 86
	compare_expr  goto 87
	add_expr  goto 88
	mul_expr  goto 89
	prefix_expr  goto 90
	postfix_expr  goto 91
	primary  goto 93
	slice_lit  goto 98
	collection_lit  goto 99
	if_expr  goto 100
	switch_expr  goto 101
	while_expr  goto 102
	func_lit  goto 103

state 201
	collection_lit:  LBRACE maybe_collection_entries RBRACE.    (152)

	.  reduce 152 (src line 1012)


state 202
	collection_entries:  collection_entries COMMA.collection_entry 

	IDENT  shift 94
	NUMBER  shift 95
	STRING  shift 96
	FUNC  shift 110
	IF  shift 107
	SWITCH  shift 108
	NOT  shift 92
	WHILE  shift 109
	LPAREN  shift 97
	LBRACK  shift 105
	LBRACE  shift 106
	SLICE  shift 104
	.  error

	expr  goto 157
	pipe_expr  goto 84
	or_expr  goto 85
	and_expr  goto 86
	compare_expr  goto 87
	add_expr  goto 88
	mul_expr  goto 89
	prefix_expr  goto 90
	postfix_expr  goto 91
	primary  goto 93
	slice_lit  goto 98
	collection_lit  goto 99
	if_expr  goto 100
	switch_expr  goto 101
	while_expr  goto 102
	func_lit  goto 103
	collection_entry  goto 236

state 203
	collection_entry:  expr $$163.COLON expr 

	COLON  shift 237
	.  error


state 204
	if_expr:  IF expr $$166.THEN expr $$167 ELSE expr 

	THEN  shift 238
	.  error


state 205
	if_expr:  IF expr NEWLINE.$$169 opt_newlines block_expr $$170 ELSE opt_newlines block_expr opt_newlines END 
	$$169: .    (169)

	.  reduce 169 (src line 1106)

	$$169  goto 239

state 206
	switch_expr:  SWITCH expr $$174.opt_newlines switch_case_list opt_newlines END 
	opt_newlines: .    (5)

	.  reduce 5 (src line 107)

	opt_newlines  goto 240

state 207
	while_expr:  WHILE expr $$172.opt_newlines block_expr opt_newlines END 
	opt_newlines: .    (5)

	.  reduce 5 (src line 107)

	opt_newlines  goto 241

state 208
	func_lit:  FUNC LPAREN maybe_param_list.RPAREN ARROW type opt_newlines block_expr opt_newlines END 

	RPAREN  shift 242
	.  error


state 209
	enum_decl:  ENUM qualified_name $$19 opt_type_params $$20 enum_body opt_newlines END.    (21)

	.  reduce 21 (src line 162)


state 210
	enum_body:  enum_body opt_newlines enum_variant.    (23)

	.  reduce 23 (src line 174)


state 211
	enum_variant:  IDENT.    (24)
	enum_variant:  IDENT.LPAREN enum_variant_fields RPAREN 

	LPAREN  shift 243
	.  reduce 24 (src line 177)


state 212
	opt_newlines:  opt_newlines.NEWLINE 
	struct_decl:  STRUCT qualified_name $$29 opt_type_params $$30 opt_newlines struct_body opt_newlines.END 

	END  shift 244
	NEWLINE  shift 8
	.  error


state 213
	struct_body:  LPAREN $$32.maybe_type_list RPAREN 
	maybe_type_list: .    (86)

	IDENT  shift 30
	FUNC  shift 59
	LPAREN  shift 60
	.  reduce 86 (src line 614)

	qualified_name  goto 61
	type  goto 119
	maybe_type_list  goto 245
	type_list  goto 118
	func_type  goto 56
	grouped_type  goto 57
	named_type  goto 58

state 214
	struct_fields:  struct_fields field.opt_newlines 
	opt_newlines: .    (5)

	.  reduce 5 (src line 107)

	opt_newlines  goto 246

state 215
	field:  IDENT.COLON type 

	COLON  shift 247
	.  error


state 216
	field:  EMBED.type 

	IDENT  shift 30
	FUNC  shift 59
	LPAREN  shift 60
	.  error

	qualified_name  goto 61
	type  goto 248
	func_type  goto 56
	grouped_type  goto 57
	named_type  goto 58

state 217
	interface_decl:  INTERFACE qualified_name $$39 opt_type_params $$40 func_sig_list opt_newlines END.    (41)

	.  reduce 41 (src line 318)


state 218
	func_sig_list:  func_sig_list opt_newlines func_sig.    (43)

	.  reduce 43 (src line 330)


state 219
	func_sig:  FUNC.IDENT $$44 opt_type_params LPAREN maybe_param_list RPAREN ARROW type opt_using_clause 

	IDENT  shift 249
	.  error


state 220
	impl_decl:  IMPL $$46 opt_impl_type_params type $$47 COLON type $$48.impl_body opt_newlines END 
	impl_body: .    (55)

	.  reduce 55 (src line 424)

	impl_body  goto 250

state 221
	func_type:  FUNC func_type_params_start maybe_type_list RPAREN $$95.ARROW type 

	ARROW  shift 251
	.  error


state 222
	type_list:  type_list COMMA type.    (89)

	.  reduce 89 (src line 627)


state 223
	named_type_suffix:  TYPELBRACK $$101 maybe_type_list RBRACK.    (102)

	.  reduce 102 (src line 740)


state 224
	func_decl:  FUNC IDENT $$57 opt_type_params LPAREN maybe_param_list RPAREN ARROW.type opt_using_clause opt_newlines block_expr opt_newlines END 

	IDENT  shift 30
	FUNC  shift 59
	LPAREN  shift 60
	.  error

	qualified_name  goto 61
	type  goto 252
	func_type  goto 56
	grouped_type  goto 57
	named_type  goto 58

state 225
	param_list:  param_list COMMA param.    (84)

	.  reduce 84 (src line 599)


state 226
	param:  IDENT COLON type.    (85)

	.  reduce 85 (src line 602)


state 227
	pipe_expr:  pipe_expr PIPEFWD $$105 or_expr.    (106)
	or_expr:  or_expr.OROR and_expr 

	OROR  shift 131
	.  reduce 106 (src line 771)


state 228
	pipe_expr:  pipe_expr PIPEBACK $$107 or_expr.    (108)
	or_expr:  or_expr.OROR and_expr 

	OROR  shift 131
	.  reduce 108 (src line 779)


state 229
	postfix_expr:  postfix_expr call_start maybe_expr_list RPAREN.    (129)

	.  reduce 129 (src line 891)


state 230
	postfix_expr:  postfix_expr TYPELBRACK maybe_type_list RBRACK.LBRACE maybe_struct_fields RBRACE 

	LBRACE  shift 253
	.  error


state 231
	postfix_expr:  postfix_expr LBRACK $$132 maybe_type_list.RBRACK LBRACE maybe_struct_fields RBRACE 

	RBRACK  shift 254
	.  error


state 232
	postfix_expr:  postfix_expr LBRACE maybe_struct_fields RBRACE.    (134)

	.  reduce 134 (src line 937)


state 233
	struct_field_list:  struct_field_list COMMA.struct_field 

	IDENT  shift 197
	.  error

	struct_field  goto 255

state 234
	struct_field:  IDENT COLON.expr 

	IDENT  shift 94
	NUMBER  shift 95
	STRING  shift 96
	FUNC  shift 110
	IF  shift 107
	SWITCH  shift 108
	NOT  shift 92
	WHILE  shift 109
	LPAREN  shift 97
	LBRACK  shift 105
	LBRACE  shift 106
	SLICE  shift 104
	.  error

	expr  goto 256
	pipe_expr  goto 84
	or_expr  goto 85
	and_expr  goto 86
	compare_expr  goto 87
	add_expr  goto 88
	mul_expr  goto 89
	prefix_expr  goto 90
	postfix_expr  goto 91
	primary  goto 93
	slice_lit  goto 98
	collection_lit  goto 99
	if_expr  goto 100
	switch_expr  goto 101
	while_expr  goto 102
	func_lit  goto 103

state 235
	expr_list:  expr_list COMMA expr.    (151)

	.  reduce 151 (src line 1005)


state 236
	collection_entries:  collection_entries COMMA collection_entry.    (162)

	.  reduce 162 (src line 1063)


state 237
	collection_entry:  expr $$163 COLON.expr 

	IDENT  shift 94
	NUMBER  shift 95
	STRING  shift 96
	FUNC  shift 110
	IF  shift 107
	SWITCH  shift 108
	NOT  shift 92
	WHILE  shift 109
	LPAREN  shift 97
	LBRACK  shift 105
	LBRACE  shift 106
	SLICE  shift 104
	.  error

	expr  goto 257
	pipe_expr  goto 84
	or_expr  goto 85
	and_expr  goto 86
	compare_expr  goto 87
	add_expr  goto 88
	mul_expr  goto 89
	prefix_expr  goto 90
	postfix_expr  goto 91
	primary  goto 93
	slice_lit  goto 98
	collection_lit  goto 99
	if_expr  goto 100
	switch_expr  goto 101
	while_expr  goto 102
	func_lit  goto 103

state 238
	if_expr:  IF expr $$166 THEN.expr $$167 ELSE expr 

	IDENT  shift 94
	NUMBER  shift 95
	STRING  shift 96
	FUNC  shift 110
	IF  shift 107
	SWITCH  shift 108
	NOT  shift 92
	WHILE  shift 109
	LPAREN  shift 97
	LBRACK  shift 105
	LBRACE  shift 106
	SLICE  shift 104
	.  error

	expr  goto 258
	pipe_expr  goto 84
	or_expr  goto 85
	and_expr  goto 86
	compare_expr  goto 87
	add_expr  goto 88
	mul_expr  goto 89
	prefix_expr  goto 90
	postfix_expr  goto 91
	primary  goto 93
	slice_lit  goto 98
	collection_lit  goto 99
	if_expr  goto 100
	switch_expr  goto 101
	while_expr  goto 102
	func_lit  goto 103

state 239
	if_expr:  IF expr NEWLINE $$169.opt_newlines block_expr $$170 ELSE opt_newlines block_expr opt_newlines END 
	opt_newlines: .    (5)

	.  reduce 5 (src line 107)

	opt_newlines  goto 259

240: shift/reduce conflict (shift 8(0), red'n 176(0)) on NEWLINE
state 240
	opt_newlines:  opt_newlines.NEWLINE 
	switch_expr:  SWITCH expr $$174 opt_newlines.switch_case_list opt_newlines END 
	switch_case_list: .    (176)

	NEWLINE  shift 8
	.  reduce 176 (src line 1154)

	switch_case_list  goto 260

state 241
	opt_newlines:  opt_newlines.NEWLINE 
	while_expr:  WHILE expr $$172 opt_newlines.block_expr opt_newlines END 
	block_start: .    (189)

	NEWLINE  shift 8
	.  reduce 189 (src line 1233)

	block_expr  goto 261
	block_start  goto 262

state 242
	func_lit:  FUNC LPAREN maybe_param_list RPAREN.ARROW type opt_newlines block_expr opt_newlines END 

	ARROW  shift 263
	.  error


state 243
	enum_variant:  IDENT LPAREN.enum_variant_fields RPAREN 
	enum_variant_fields: .    (26)

	.  reduce 26 (src line 202)

	enum_variant_fields  goto 264

state 244
	struct_decl:  STRUCT qualified_name $$29 opt_type_params $$30 opt_newlines struct_body opt_newlines END.    (31)

	.  reduce 31 (src line 240)


state 245
	struct_body:  LPAREN $$32 maybe_type_list.RPAREN 

	RPAREN  shift 265
	.  error


246: shift/reduce conflict (shift 8(0), red'n 36(0)) on NEWLINE
state 246
	opt_newlines:  opt_newlines.NEWLINE 
	struct_fields:  struct_fields field opt_newlines.    (36)

	NEWLINE  shift 8
	.  reduce 36 (src line 276)


state 247
	field:  IDENT COLON.type 

	IDENT  shift 30
	FUNC  shift 59
	LPAREN  shift 60
	.  error

	qualified_name  goto 61
	type  goto 266
	func_type  goto 56
	grouped_type  goto 57
	named_type  goto 58

state 248
	field:  EMBED type.    (38)

	.  reduce 38 (src line 291)


state 249
	func_sig:  FUNC IDENT.$$44 opt_type_params LPAREN maybe_param_list RPAREN ARROW type opt_using_clause 
	$$44: .    (44)

	.  reduce 44 (src line 333)

	$$44  goto 267

state 250
	impl_decl:  IMPL $$46 opt_impl_type_params type $$47 COLON type $$48 impl_body.opt_newlines END 
	impl_body:  impl_body.opt_newlines func_decl 
	opt_newlines: .    (5)

	.  reduce 5 (src line 107)

	opt_newlines  goto 268

state 251
	func_type:  FUNC func_type_params_start maybe_type_list RPAREN $$95 ARROW.type 

	IDENT  shift 30
	FUNC  shift 59
	LPAREN  shift 60
	.  error

	qualified_name  goto 61
	type  goto 269
	func_type  goto 56
	grouped_type  goto 57
	named_type  goto 58

state 252
	func_decl:  FUNC IDENT $$57 opt_type_params LPAREN maybe_param_list RPAREN ARROW type.opt_using_clause opt_newlines block_expr opt_newlines END 
	opt_using_clause: .    (63)

	USING  shift 271
	.  reduce 63 (src line 493)

	opt_using_clause  goto 270

state 253
	postfix_expr:  postfix_expr TYPELBRACK maybe_type_list RBRACK LBRACE.maybe_struct_fields RBRACE 
	maybe_struct_fields: .    (153)

	IDENT  shift 197
	.  reduce 153 (src line 1026)

	maybe_struct_fields  goto 272
	struct_field_list  goto 195
	struct_field  goto 196

state 254
	postfix_expr:  postfix_expr LBRACK $$132 maybe_type_list RBRACK.LBRACE maybe_struct_fields RBRACE 

	LBRACE  shift 273
	.  error


state 255
	struct_field_list:  struct_field_list COMMA struct_field.    (156)

	.  reduce 156 (src line 1033)


state 256
	struct_field:  IDENT COLON expr.    (157)

	.  reduce 157 (src line 1036)


state 257
	collection_entry:  expr $$163 COLON expr.    (164)

	.  reduce 164 (src line 1072)


state 258
	if_expr:  IF expr $$166 THEN expr.$$167 ELSE expr 
	$$167: .    (167)

	.  reduce 167 (src line 1094)

	$$167  goto 274

state 259
	opt_newlines:  opt_newlines.NEWLINE 
	if_expr:  IF expr NEWLINE $$169 opt_newlines.block_expr $$170 ELSE opt_newlines block_expr opt_newlines END 
	block_start: .    (189)

	NEWLINE  shift 8
	.  reduce 189 (src line 1233)

	block_expr  goto 275
	block_start  goto 262

state 260
	switch_expr:  SWITCH expr $$174 opt_newlines switch_case_list.opt_newlines END 
	switch_case_list:  switch_case_list.opt_newlines switch_case 
	opt_newlines: .    (5)

	.  reduce 5 (src line 107)

	opt_newlines  goto 276

state 261
	while_expr:  WHILE expr $$172 opt_newlines block_expr.opt_newlines END 
	opt_newlines: .    (5)

	.  reduce 5 (src line 107)

	opt_newlines  goto 277

state 262
	block_expr:  block_start.block_expr_items 

	IDENT  shift 286
	NUMBER  shift 95
	STRING  shift 96
	FUNC  shift 110
	IF  shift 107
	SWITCH  shift 108
	NOT  shift 92
	LET  shift 284
	VAR  shift 285
	WHILE  shift 109
	RETURN  shift 287
	LPAREN  shift 97
	LBRACK  shift 105
	LBRACE  shift 106
	SLICE  shift 104
	.  error

	expr  goto 288
	pipe_expr  goto 84
	or_expr  goto 85
	and_expr  goto 86
	compare_expr  goto 87
	add_expr  goto 88
	mul_expr  goto 89
	prefix_expr  goto 90
	postfix_expr  goto 91
	primary  goto 93
	slice_lit  goto 98
	collection_lit  goto 99
	if_expr  goto 100
	switch_expr  goto 101
	while_expr  goto 102
	func_lit  goto 103
	block_expr_items  goto 278
	stmt  goto 279
	binding_stmt  goto 280
	assign_stmt  goto 281
	return_stmt  goto 282
	expr_stmt  goto 283

state 263
	func_lit:  FUNC LPAREN maybe_param_list RPAREN ARROW.type opt_newlines block_expr opt_newlines END 

	IDENT  shift 30
	FUNC  shift 59
	LPAREN  shift 60
	.  error

	qualified_name  goto 61
	type  goto 289
	func_type  goto 56
	grouped_type  goto 57
	named_type  goto 58

state 264
	enum_variant:  IDENT LPAREN enum_variant_fields.RPAREN 
	enum_variant_fields:  enum_variant_fields.IDENT 
	enum_variant_fields:  enum_variant_fields.type 

	IDENT  shift 291
	FUNC  shift 59
	LPAREN  shift 60
	RPAREN  shift 290
	.  error

	qualified_name  goto 61
	type  goto 292
	func_type  goto 56
	grouped_type  goto 57
	named_type  goto 58

state 265
	struct_body:  LPAREN $$32 maybe_type_list RPAREN.    (33)

	.  reduce 33 (src line 256)


state 266
	field:  IDENT COLON type.    (37)

	.  reduce 37 (src line 279)


state 267
	func_sig:  FUNC IDENT $$44.opt_type_params LPAREN maybe_param_list RPAREN ARROW type opt_using_clause 
	opt_type_params: .    (73)

	LBRACK  shift 50
	TYPELBRACK  shift 51
	.  reduce 73 (src line 543)

	opt_type_params  goto 293

state 268
	opt_newlines:  opt_newlines.NEWLINE 
	impl_decl:  IMPL $$46 opt_impl_type_params type $$47 COLON type $$48 impl_body opt_newlines.END 
	impl_body:  impl_body opt_newlines.func_decl 

	FUNC  shift 24
	END  shift 294
	NEWLINE  shift 8
	.  error

	func_decl  goto 295

state 269
	func_type:  FUNC func_type_params_start maybe_type_list RPAREN $$95 ARROW type.    (96)

	.  reduce 96 (src line 682)


state 270
	func_decl:  FUNC IDENT $$57 opt_type_params LPAREN maybe_param_list RPAREN ARROW type opt_using_clause.opt_newlines block_expr opt_newlines END 
	opt_newlines: .    (5)

	.  reduce 5 (src line 107)

	opt_newlines  goto 296

state 271
	opt_using_clause:  USING.constraint_list 

	IDENT  shift 299
	.  error

	constraint_list  goto 297
	constraint  goto 298

state 272
	postfix_expr:  postfix_expr TYPELBRACK maybe_type_list RBRACK LBRACE maybe_struct_fields.RBRACE 

	RBRACE  shift 300
	.  error


state 273
	postfix_expr:  postfix_expr LBRACK $$132 maybe_type_list RBRACK LBRACE.maybe_struct_fields RBRACE 
	maybe_struct_fields: .    (153)

	IDENT  shift 197
	.  reduce 153 (src line 1026)

	maybe_struct_fields  goto 301
	struct_field_list  goto 195
	struct_field  goto 196

state 274
	if_expr:  IF expr $$166 THEN expr $$167.ELSE expr 

	ELSE  shift 302
	.  error


state 275
	if_expr:  IF expr NEWLINE $$169 opt_newlines block_expr.$$170 ELSE opt_newlines block_expr opt_newlines END 
	$$170: .    (170)

	.  reduce 170 (src line 1110)

	$$170  goto 303

state 276
	opt_newlines:  opt_newlines.NEWLINE 
	switch_expr:  SWITCH expr $$174 opt_newlines switch_case_list opt_newlines.END 
	switch_case_list:  switch_case_list opt_newlines.switch_case 

	CASE  shift 306
	END  shift 304
	NEWLINE  shift 8
	.  error

	switch_case  goto 305

state 277
	opt_newlines:  opt_newlines.NEWLINE 
	while_expr:  WHILE expr $$172 opt_newlines block_expr opt_newlines.END 

	END  shift 307
	NEWLINE  shift 8
	.  error


278: shift/reduce conflict (shift 308(0), red'n 188(0)) on NEWLINE
state 278
	block_expr:  block_start block_expr_items.    (188)
	block_expr_items:  block_expr_items.NEWLINE stmt 
	block_expr_items:  block_expr_items.NEWLINE 

	NEWLINE  shift 308
	.  reduce 188 (src line 1220)


state 279
	block_expr_items:  stmt.    (190)

	.  reduce 190 (src line 1241)


state 280
	stmt:  binding_stmt.    (193)

	.  reduce 193 (src line 1259)


state 281
	stmt:  assign_stmt.    (194)

	.  reduce 194 (src line 1261)


state 282
	stmt:  return_stmt.    (195)

	.  reduce 195 (src line 1262)


state 283
	stmt:  expr_stmt.    (196)

	.  reduce 196 (src line 1263)


state 284
	binding_stmt:  LET.IDENT opt_type_annot '=' expr 

	IDENT  shift 309
	.  error


state 285
	binding_stmt:  VAR.IDENT opt_type_annot '=' expr 

	IDENT  shift 310
	.  error


state 286
	primary:  IDENT.    (135)
	assign_stmt:  IDENT.'=' expr 

	'='  shift 311
	.  reduce 135 (src line 947)


state 287
	return_stmt:  RETURN.    (200)
	return_stmt:  RETURN.expr 

	IDENT  shift 94
	NUMBER  shift 95
	STRING  shift 96
	FUNC  shift 110
	IF  shift 107
	SWITCH  shift 108
	NOT  shift 92
	WHILE  shift 109
	LPAREN  shift 97
	LBRACK  shift 105
	LBRACE  shift 106
	SLICE  shift 104
	.  reduce 200 (src line 1284)

	expr  goto 312
	pipe_expr  goto 84
	or_expr  goto 85
	and_expr  goto 86
	compare_expr  goto 87
	add_expr  goto 88
	mul_expr  goto 89
	prefix_expr  goto 90
	postfix_expr  goto 91
	primary  goto 93
	slice_lit  goto 98
	collection_lit  goto 99
	if_expr  goto 100
	switch_expr  goto 101
	while_expr  goto 102
	func_lit  goto 103

state 288
	expr_stmt:  expr.    (202)

	.  reduce 202 (src line 1295)


state 289
	func_lit:  FUNC LPAREN maybe_param_list RPAREN ARROW type.opt_newlines block_expr opt_newlines END 
	opt_newlines: .    (5)

	.  reduce 5 (src line 107)

	opt_newlines  goto 313

state 290
	enum_variant:  IDENT LPAREN enum_variant_fields RPAREN.    (25)

	.  reduce 25 (src line 188)


 291: reduce/reduce conflict  (red'ns 27 and 90) on IDENT
 291: reduce/reduce conflict  (red'ns 27 and 90) on FUNC
 291: reduce/reduce conflict  (red'ns 27 and 90) on LPAREN
 291: reduce/reduce conflict  (red'ns 27 and 90) on RPAREN
state 291
	enum_variant_fields:  enum_variant_fields IDENT.    (27)
	qualified_name:  IDENT.    (90)

	DOT  reduce 90 (src line 636)
	TYPELBRACK  reduce 90 (src line 636)
	.  reduce 27 (src line 204)


state 292
	enum_variant_fields:  enum_variant_fields type.    (28)

	.  reduce 28 (src line 214)


state 293
	func_sig:  FUNC IDENT $$44 opt_type_params.LPAREN maybe_param_list RPAREN ARROW type opt_using_clause 

	LPAREN  shift 314
	.  error


state 294
	impl_decl:  IMPL $$46 opt_impl_type_params type $$47 COLON type $$48 impl_body opt_newlines END.    (49)

	.  reduce 49 (src line 388)


state 295
	impl_body:  impl_body opt_newlines func_decl.    (56)

	.  reduce 56 (src line 426)


state 296
	opt_newlines:  opt_newlines.NEWLINE 
	func_decl:  FUNC IDENT $$57 opt_type_params LPAREN maybe_param_list RPAREN ARROW type opt_using_clause opt_newlines.block_expr opt_newlines END 
	block_start: .    (189)

	NEWLINE  shift 8
	.  reduce 189 (src line 1233)

	block_expr  goto 315
	block_start  goto 262

state 297
	opt_using_clause:  USING constraint_list.    (64)
	constraint_list:  constraint_list.COMMA constraint 

	COMMA  shift 316
	.  reduce 64 (src line 495)


state 298
	constraint_list:  constraint.    (65)

	.  reduce 65 (src line 498)


state 299
	constraint:  IDENT.$$67 constr_suffix 
	$$67: .    (67)

	.  reduce 67 (src line 503)

	$$67  goto 317

state 300
	postfix_expr:  postfix_expr TYPELBRACK maybe_type_list RBRACK LBRACE maybe_struct_fields RBRACE.    (131)

	.  reduce 131 (src line 914)


state 301
	postfix_expr:  postfix_expr LBRACK $$132 maybe_type_list RBRACK LBRACE maybe_struct_fields.RBRACE 

	RBRACE  shift 318
	.  error


state 302
	if_expr:  IF expr $$166 THEN expr $$167 ELSE.expr 

	IDENT  shift 94
	NUMBER  shift 95
	STRING  shift 96
	FUNC  shift 110
	IF  shift 107
	SWITCH  shift 108
	NOT  shift 92
	WHILE  shift 109
	LPAREN  shift 97
	LBRACK  shift 105
	LBRACE  shift 106
	SLICE  shift 104
	.  error

	expr  goto 319
	pipe_expr  goto 84
	or_expr  goto 85
	and_expr  goto 86
	compare_expr  goto 87
	add_expr  goto 88
	mul_expr  goto 89
	prefix_expr  goto 90
	postfix_expr  goto 91
	primary  goto 93
	slice_lit  goto 98
	collection_lit  goto 99
	if_expr  goto 100
	switch_expr  goto 101
	while_expr  goto 102
	func_lit  goto 103

state 303
	if_expr:  IF expr NEWLINE $$169 opt_newlines block_expr $$170.ELSE opt_newlines block_expr opt_newlines END 

	ELSE  shift 320
	.  error


state 304
	switch_expr:  SWITCH expr $$174 opt_newlines switch_case_list opt_newlines END.    (175)

	.  reduce 175 (src line 1145)


state 305
	switch_case_list:  switch_case_list opt_newlines switch_case.    (177)

	.  reduce 177 (src line 1156)


state 306
	switch_case:  CASE.pattern ARROW opt_newlines block_expr 

	IDENT  shift 323
	UNDER  shift 322
	.  error

	pattern  goto 321

state 307
	while_expr:  WHILE expr $$172 opt_newlines block_expr opt_newlines END.    (173)

	.  reduce 173 (src line 1130)


state 308
	block_expr_items:  block_expr_items NEWLINE.stmt 
	block_expr_items:  block_expr_items NEWLINE.    (192)

	IDENT  shift 286
	NUMBER  shift 95
	STRING  shift 96
	FUNC  shift 110
	IF  shift 107
	SWITCH  shift 108
	NOT  shift 92
	LET  shift 284
	VAR  shift 285
	WHILE  shift 109
	RETURN  shift 287
	LPAREN  shift 97
	LBRACK  shift 105
	LBRACE  shift 106
	SLICE  shift 104
	.  reduce 192 (src line 1252)

	expr  goto 288
	pipe_expr  goto 84
	or_expr  goto 85
	and_expr  goto 86
	compare_expr  goto 87
	add_expr  goto 88
	mul_expr  goto 89
	prefix_expr  goto 90
	postfix_expr  goto 91
	primary  goto 93
	slice_lit  goto 98
	collection_lit  goto 99
	if_expr  goto 100
	switch_expr  goto 101
	while_expr  goto 102
	func_lit  goto 103
	stmt  goto 324
	binding_stmt  goto 280
	assign_stmt  goto 281
	return_stmt  goto 282
	expr_stmt  goto 283

state 309
	binding_stmt:  LET IDENT.opt_type_annot '=' expr 
	opt_type_annot: .    (61)

	COLON  shift 47
	.  reduce 61 (src line 488)

	opt_type_annot  goto 325

state 310
	binding_stmt:  VAR IDENT.opt_type_annot '=' expr 
	opt_type_annot: .    (61)

	COLON  shift 47
	.  reduce 61 (src line 488)

	opt_type_annot  goto 326

state 311
	assign_stmt:  IDENT '='.expr 

	IDENT  shift 94
	NUMBER  shift 95
	STRING  shift 96
	FUNC  shift 110
	IF  shift 107
	SWITCH  shift 108
	NOT  shift 92
	WHILE  shift 109
	LPAREN  shift 97
	LBRACK  shift 105
	LBRACE  shift 106
	SLICE  shift 104
	.  error

	expr  goto 327
	pipe_expr  goto 84
	or_expr  goto 85
	and_expr  goto 86
	compare_expr  goto 87
	add_expr  goto 88
	mul_expr  goto 89
	prefix_expr  goto 90
	postfix_expr  goto 91
	primary  goto 93
	slice_lit  goto 98
	collection_lit  goto 99
	if_expr  goto 100
	switch_expr  goto 101
	while_expr  goto 102
	func_lit  goto 103

state 312
	return_stmt:  RETURN expr.    (201)

	.  reduce 201 (src line 1289)


state 313
	opt_newlines:  opt_newlines.NEWLINE 
	func_lit:  FUNC LPAREN maybe_param_list RPAREN ARROW type opt_newlines.block_expr opt_newlines END 
	block_start: .    (189)

	NEWLINE  shift 8
	.  reduce 189 (src line 1233)

	block_expr  goto 328
	block_start  goto 262

state 314
	func_sig:  FUNC IDENT $$44 opt_type_params LPAREN.maybe_param_list RPAREN ARROW type opt_using_clause 
	maybe_param_list: .    (81)

	IDENT  shift 128
	.  reduce 81 (src line 592)

	maybe_param_list  goto 329
	param_list  goto 126
	param  goto 127

state 315
	func_decl:  FUNC IDENT $$57 opt_type_params LPAREN maybe_param_list RPAREN ARROW type opt_using_clause opt_newlines block_expr.opt_newlines END 
	opt_newlines: .    (5)

	.  reduce 5 (src line 107)

	opt_newlines  goto 330

state 316
	constraint_list:  constraint_list COMMA.constraint 

	IDENT  shift 299
	.  error

	constraint  goto 331

state 317
	constraint:  IDENT $$67.constr_suffix 
	constraint_suffix: .    (71)

	COLON  shift 333
	CONSTRLBRACK  shift 335
	.  reduce 71 (src line 538)

	constr_suffix  goto 332
	constraint_suffix  goto 334

state 318
	postfix_expr:  postfix_expr LBRACK $$132 maybe_type_list RBRACK LBRACE maybe_struct_fields RBRACE.    (133)

	.  reduce 133 (src line 928)


state 319
	if_expr:  IF expr $$166 THEN expr $$167 ELSE expr.    (168)

	.  reduce 168 (src line 1098)


state 320
	if_expr:  IF expr NEWLINE $$169 opt_newlines block_expr $$170 ELSE.opt_newlines block_expr opt_newlines END 
	opt_newlines: .    (5)

	.  reduce 5 (src line 107)

	opt_newlines  goto 336

state 321
	switch_case:  CASE pattern.ARROW opt_newlines block_expr 

	ARROW  shift 337
	.  error


state 322
	pattern:  UNDER.    (179)

	.  reduce 179 (src line 1170)


state 323
	pattern:  IDENT.    (180)
	pattern:  IDENT.LPAREN pattern_name_list RPAREN 

	LPAREN  shift 338
	.  reduce 180 (src line 1175)


state 324
	block_expr_items:  block_expr_items NEWLINE stmt.    (191)

	.  reduce 191 (src line 1247)


state 325
	binding_stmt:  LET IDENT opt_type_annot.'=' expr 

	'='  shift 339
	.  error


state 326
	binding_stmt:  VAR IDENT opt_type_annot.'=' expr 

	'='  shift 340
	.  error


state 327
	assign_stmt:  IDENT '=' expr.    (199)

	.  reduce 199 (src line 1277)


state 328
	func_lit:  FUNC LPAREN maybe_param_list RPAREN ARROW type opt_newlines block_expr.opt_newlines END 
	opt_newlines: .    (5)

	.  reduce 5 (src line 107)

	opt_newlines  goto 341

state 329
	func_sig:  FUNC IDENT $$44 opt_type_params LPAREN maybe_param_list.RPAREN ARROW type opt_using_clause 

	RPAREN  shift 342
	.  error


state 330
	opt_newlines:  opt_newlines.NEWLINE 
	func_decl:  FUNC IDENT $$57 opt_type_params LPAREN maybe_param_list RPAREN ARROW type opt_using_clause opt_newlines block_expr opt_newlines.END 

	END  shift 343
	NEWLINE  shift 8
	.  error


state 331
	constraint_list:  constraint_list COMMA constraint.    (66)

	.  reduce 66 (src line 500)


state 332
	constraint:  IDENT $$67 constr_suffix.    (68)

	.  reduce 68 (src line 510)


state 333
	constr_suffix:  COLON.IDENT constraint_suffix 

	IDENT  shift 344
	.  error


state 334
	constr_suffix:  constraint_suffix.    (70)

	.  reduce 70 (src line 535)


state 335
	constraint_suffix:  CONSTRLBRACK.maybe_type_list RBRACK 
	maybe_type_list: .    (86)

	IDENT  shift 30
	FUNC  shift 59
	LPAREN  shift 60
	.  reduce 86 (src line 614)

	qualified_name  goto 61
	type  goto 119
	maybe_type_list  goto 345
	type_list  goto 118
	func_type  goto 56
	grouped_type  goto 57
	named_type  goto 58

state 336
	opt_newlines:  opt_newlines.NEWLINE 
	if_expr:  IF expr NEWLINE $$169 opt_newlines block_expr $$170 ELSE opt_newlines.block_expr opt_newlines END 
	block_start: .    (189)

	NEWLINE  shift 8
	.  reduce 189 (src line 1233)

	block_expr  goto 346
	block_start  goto 262

state 337
	switch_case:  CASE pattern ARROW.opt_newlines block_expr 
	opt_newlines: .    (5)

	.  reduce 5 (src line 107)

	opt_newlines  goto 347

state 338
	pattern:  IDENT LPAREN.pattern_name_list RPAREN 
	pattern_name_list: .    (182)

	IDENT  shift 349
	UNDER  shift 350
	.  reduce 182 (src line 1191)

	pattern_name_list  goto 348

state 339
	binding_stmt:  LET IDENT opt_type_annot '='.expr 

	IDENT  shift 94
	NUMBER  shift 95
	STRING  shift 96
	FUNC  shift 110
	IF  shift 107
	SWITCH  shift 108
	NOT  shift 92
	WHILE  shift 109
	LPAREN  shift 97
	LBRACK  shift 105
	LBRACE  shift 106
	SLICE  shift 104
	.  error

	expr  goto 351
	pipe_expr  goto 84
	or_expr  goto 85
	and_expr  goto 86
	compare_expr  goto 87
	add_expr  goto 88
	mul_expr  goto 89
	prefix_expr  goto 90
	postfix_expr  goto 91
	primary  goto 93
	slice_lit  goto 98
	collection_lit  goto 99
	if_expr  goto 100
	switch_expr  goto 101
	while_expr  goto 102
	func_lit  goto 103

state 340
	binding_stmt:  VAR IDENT opt_type_annot '='.expr 

	IDENT  shift 94
	NUMBER  shift 95
	STRING  shift 96
	FUNC  shift 110
	IF  shift 107
	SWITCH  shift 108
	NOT  shift 92
	WHILE  shift 109
	LPAREN  shift 97
	LBRACK  shift 105
	LBRACE  shift 106
	SLICE  shift 104
	.  error

	expr  goto 352
	pipe_expr  goto 84
	or_expr  goto 85
	and_expr  goto 86
	compare_expr  goto 87
	add_expr  goto 88
	mul_expr  goto 89
	prefix_expr  goto 90
	postfix_expr  goto 91
	primary  goto 93
	slice_lit  goto 98
	collection_lit  goto 99
	if_expr  goto 100
	switch_expr  goto 101
	while_expr  goto 102
	func_lit  goto 103

state 341
	opt_newlines:  opt_newlines.NEWLINE 
	func_lit:  FUNC LPAREN maybe_param_list RPAREN ARROW type opt_newlines block_expr opt_newlines.END 

	END  shift 353
	NEWLINE  shift 8
	.  error


state 342
	func_sig:  FUNC IDENT $$44 opt_type_params LPAREN maybe_param_list RPAREN.ARROW type opt_using_clause 

	ARROW  shift 354
	.  error


state 343
	func_decl:  FUNC IDENT $$57 opt_type_params LPAREN maybe_param_list RPAREN ARROW type opt_using_clause opt_newlines block_expr opt_newlines END.    (58)

	.  reduce 58 (src line 434)


state 344
	constr_suffix:  COLON IDENT.constraint_suffix 
	constraint_suffix: .    (71)

	CONSTRLBRACK  shift 335
	.  reduce 71 (src line 538)

	constraint_suffix  goto 355

state 345
	constraint_suffix:  CONSTRLBRACK maybe_type_list.RBRACK 

	RBRACK  shift 356
	.  error


state 346
	if_expr:  IF expr NEWLINE $$169 opt_newlines block_expr $$170 ELSE opt_newlines block_expr.opt_newlines END 
	opt_newlines: .    (5)

	.  reduce 5 (src line 107)

	opt_newlines  goto 357

state 347
	opt_newlines:  opt_newlines.NEWLINE 
	switch_case:  CASE pattern ARROW opt_newlines.block_expr 
	block_start: .    (189)

	NEWLINE  shift 8
	.  reduce 189 (src line 1233)

	block_expr  goto 358
	block_start  goto 262

state 348
	pattern:  IDENT LPAREN pattern_name_list.RPAREN 
	pattern_name_list:  pattern_name_list.COMMA IDENT 
	pattern_name_list:  pattern_name_list.COMMA UNDER 

	COMMA  shift 360
	RPAREN  shift 359
	.  error


state 349
	pattern_name_list:  IDENT.    (185)

	.  reduce 185 (src line 1201)


state 350
	pattern_name_list:  UNDER.    (186)

	.  reduce 186 (src line 1205)


state 351
	binding_stmt:  LET IDENT opt_type_annot '=' expr.    (197)

	.  reduce 197 (src line 1266)


state 352
	binding_stmt:  VAR IDENT opt_type_annot '=' expr.    (198)

	.  reduce 198 (src line 1271)


state 353
	func_lit:  FUNC LPAREN maybe_param_list RPAREN ARROW type opt_newlines block_expr opt_newlines END.    (187)

	.  reduce 187 (src line 1211)


state 354
	func_sig:  FUNC IDENT $$44 opt_type_params LPAREN maybe_param_list RPAREN ARROW.type opt_using_clause 

	IDENT  shift 30
	FUNC  shift 59
	LPAREN  shift 60
	.  error

	qualified_name  goto 61
	type  goto 361
	func_type  goto 56
	grouped_type  goto 57
	named_type  goto 58

state 355
	constr_suffix:  COLON IDENT constraint_suffix.    (69)

	.  reduce 69 (src line 529)


state 356
	constraint_suffix:  CONSTRLBRACK maybe_type_list RBRACK.    (72)

	.  reduce 72 (src line 540)


state 357
	opt_newlines:  opt_newlines.NEWLINE 
	if_expr:  IF expr NEWLINE $$169 opt_newlines block_expr $$170 ELSE opt_newlines block_expr opt_newlines.END 

	END  shift 362
	NEWLINE  shift 8
	.  error


state 358
	switch_case:  CASE pattern ARROW opt_newlines block_expr.    (178)

	.  reduce 178 (src line 1159)


state 359
	pattern:  IDENT LPAREN pattern_name_list RPAREN.    (181)

	.  reduce 181 (src line 1183)


state 360
	pattern_name_list:  pattern_name_list COMMA.IDENT 
	pattern_name_list:  pattern_name_list COMMA.UNDER 

	IDENT  shift 363
	UNDER  shift 364
	.  error


state 361
	func_sig:  FUNC IDENT $$44 opt_type_params LPAREN maybe_param_list RPAREN ARROW type.opt_using_clause 
	opt_using_clause: .    (63)

	USING  shift 271
	.  reduce 63 (src line 493)

	opt_using_clause  goto 365

state 362
	if_expr:  IF expr NEWLINE $$169 opt_newlines block_expr $$170 ELSE opt_newlines block_expr opt_newlines END.    (171)

	.  reduce 171 (src line 1115)


state 363
	pattern_name_list:  pattern_name_list COMMA IDENT.    (183)

	.  reduce 183 (src line 1193)


state 364
	pattern_name_list:  pattern_name_list COMMA UNDER.    (184)

	.  reduce 184 (src line 1197)


state 365
	func_sig:  FUNC IDENT $$44 opt_type_params LPAREN maybe_param_list RPAREN ARROW type opt_using_clause.    (45)

	.  reduce 45 (src line 338)


57 terminals, 111 nonterminals
203 grammar rules, 366/16000 states
29 shift/reduce, 4 reduce/reduce conflicts reported
160 working sets used
memory: parser 992/240000
206 extra closures
716 shift entries, 4 exceptions
215 goto entries
570 entries saved by goto default
Optimizer space used: output 408/240000
408 table entries, 0 zero
maximum spread: 57, maximum offset: 361
